Determining if the pthread_create exist failed with the following output:
Change Dir: /home/deeps/Documents/UA-AnsiC-Legacy/build/CMakeFiles/CMakeTmp

Run Build Command:"/usr/bin/make" "cmTC_049e7/fast"
/usr/bin/make -f CMakeFiles/cmTC_049e7.dir/build.make CMakeFiles/cmTC_049e7.dir/build
make[1]: Entering directory '/home/deeps/Documents/UA-AnsiC-Legacy/build/CMakeFiles/CMakeTmp'
Building C object CMakeFiles/cmTC_049e7.dir/CheckSymbolExists.c.o
/usr/bin/cc     -o CMakeFiles/cmTC_049e7.dir/CheckSymbolExists.c.o   -c /home/deeps/Documents/UA-AnsiC-Legacy/build/CMakeFiles/CMakeTmp/CheckSymbolExists.c
Linking C executable cmTC_049e7
/usr/bin/cmake -E cmake_link_script CMakeFiles/cmTC_049e7.dir/link.txt --verbose=1
/usr/bin/cc       CMakeFiles/cmTC_049e7.dir/CheckSymbolExists.c.o  -o cmTC_049e7 -rdynamic 
CMakeFiles/cmTC_049e7.dir/CheckSymbolExists.c.o: In function `main':
CheckSymbolExists.c:(.text+0x16): undefined reference to `pthread_create'
collect2: error: ld returned 1 exit status
CMakeFiles/cmTC_049e7.dir/build.make:97: recipe for target 'cmTC_049e7' failed
make[1]: *** [cmTC_049e7] Error 1
make[1]: Leaving directory '/home/deeps/Documents/UA-AnsiC-Legacy/build/CMakeFiles/CMakeTmp'
Makefile:126: recipe for target 'cmTC_049e7/fast' failed
make: *** [cmTC_049e7/fast] Error 2

File /home/deeps/Documents/UA-AnsiC-Legacy/build/CMakeFiles/CMakeTmp/CheckSymbolExists.c:
/* */
#include <pthread.h>

int main(int argc, char** argv)
{
  (void)argv;
#ifndef pthread_create
  return ((int*)(&pthread_create))[argc];
#else
  (void)argc;
  return 0;
#endif
}

